<?xml version="1.0" encoding="UTF-8"?>
<testsuite name="basicRestAssured.CRUDProjectTest" tests="1" skipped="0" failures="0" errors="0" timestamp="2022-12-22T18:56:38" hostname="PARDO-PC" time="22.552">
  <properties/>
  <testcase name="verifyCRUDProject()" classname="basicRestAssured.CRUDProjectTest" time="22.552"/>
  <system-out><![CDATA[Request method:	POST
Request URI:	https://todo.ly/api/items.json
Proxy:			<none>
Request params:	<none>
Query params:	<none>
Form params:	<none>
Path params:	<none>
Headers:		Token=398cb7d4c7374d0cbf5d7f44966278ef
				Accept=*/*
				Content-Type=text/plain; charset=ISO-8859-1
Cookies:		<none>
Multiparts:		<none>
Body:
{"Content":"BootcampTest"}
HTTP/1.1 200 OK
Cache-Control: no-cache, no-store, must-revalidate
Pragma: no-cache
Content-Type: application/json; charset=utf-8
Expires: -1
Server: Microsoft-IIS/8.0
Set-Cookie: ASP.NET_SessionId=udwqh4eacdl2i013x2os00lm; path=/; HttpOnly; SameSite=Lax
X-AspNetMvc-Version: 2.0
X-AspNet-Version: 4.0.30319
X-Powered-By: ASP.NET
Date: Thu, 22 Dec 2022 18:56:51 GMT
Content-Length: 533

{
    "Id": 11094650,
    "Content": "BootcampTest",
    "ItemType": 1,
    "Checked": false,
    "ProjectId": null,
    "ParentId": null,
    "Path": "",
    "Collapsed": false,
    "DateString": null,
    "DateStringPriority": 0,
    "DueDate": "",
    "Recurrence": null,
    "ItemOrder": null,
    "Priority": 4,
    "LastSyncedDateTime": "/Date(1671735411030)/",
    "Children": [
        
    ],
    "DueDateTime": null,
    "CreatedDate": "/Date(1671735411000)/",
    "LastCheckedDate": null,
    "LastUpdatedDate": "/Date(1671735411000)/",
    "Deleted": false,
    "Notes": "",
    "InHistory": false,
    "SyncClientCreationId": null,
    "DueTimeSpecified": true,
    "OwnerId": 706825
}
Request method:	PUT
Request URI:	https://todo.ly/api/items/11094650.json
Proxy:			<none>
Request params:	<none>
Query params:	<none>
Form params:	<none>
Path params:	<none>
Headers:		Token=398cb7d4c7374d0cbf5d7f44966278ef
				Accept=*/*
				Content-Type=text/plain; charset=ISO-8859-1
Cookies:		<none>
Multiparts:		<none>
Body:
{"Content":"BootcampTestUpdate"}
HTTP/1.1 200 OK
Cache-Control: no-cache, no-store, must-revalidate
Pragma: no-cache
Content-Type: application/json; charset=utf-8
Expires: -1
Server: Microsoft-IIS/8.0
Set-Cookie: ASP.NET_SessionId=yqszkk50h1ks5x4ot0sxx42k; path=/; HttpOnly; SameSite=Lax
X-AspNetMvc-Version: 2.0
X-AspNet-Version: 4.0.30319
X-Powered-By: ASP.NET
Date: Thu, 22 Dec 2022 18:56:55 GMT
Content-Length: 539

{
    "Id": 11094650,
    "Content": "BootcampTestUpdate",
    "ItemType": 1,
    "Checked": false,
    "ProjectId": null,
    "ParentId": null,
    "Path": "",
    "Collapsed": false,
    "DateString": null,
    "DateStringPriority": 0,
    "DueDate": "",
    "Recurrence": null,
    "ItemOrder": null,
    "Priority": 4,
    "LastSyncedDateTime": "/Date(1671735416396)/",
    "Children": [
        
    ],
    "DueDateTime": null,
    "CreatedDate": "/Date(1671735411000)/",
    "LastCheckedDate": null,
    "LastUpdatedDate": "/Date(1671735416380)/",
    "Deleted": false,
    "Notes": "",
    "InHistory": false,
    "SyncClientCreationId": null,
    "DueTimeSpecified": true,
    "OwnerId": 706825
}
Request method:	DELETE
Request URI:	https://todo.ly/api/items/11094650.json
Proxy:			<none>
Request params:	<none>
Query params:	<none>
Form params:	<none>
Path params:	<none>
Headers:		Token=398cb7d4c7374d0cbf5d7f44966278ef
				Accept=*/*
				Content-Type=text/plain; charset=ISO-8859-1
Cookies:		<none>
Multiparts:		<none>
Body:
{"Content":"BootcampTestUpdate"}
HTTP/1.1 200 OK
Cache-Control: no-cache, no-store, must-revalidate
Pragma: no-cache
Content-Type: application/json; charset=utf-8
Expires: -1
Server: Microsoft-IIS/8.0
Set-Cookie: ASP.NET_SessionId=i0eb5wpry0t333c5qgha2lwa; path=/; HttpOnly; SameSite=Lax
X-AspNetMvc-Version: 2.0
X-AspNet-Version: 4.0.30319
X-Powered-By: ASP.NET
Date: Thu, 22 Dec 2022 18:56:57 GMT
Content-Length: 538

{
    "Id": 11094650,
    "Content": "BootcampTestUpdate",
    "ItemType": 1,
    "Checked": false,
    "ProjectId": null,
    "ParentId": null,
    "Path": "",
    "Collapsed": false,
    "DateString": null,
    "DateStringPriority": 0,
    "DueDate": "",
    "Recurrence": null,
    "ItemOrder": null,
    "Priority": 4,
    "LastSyncedDateTime": "/Date(1671735417940)/",
    "Children": [
        
    ],
    "DueDateTime": null,
    "CreatedDate": "/Date(1671735411000)/",
    "LastCheckedDate": null,
    "LastUpdatedDate": "/Date(1671735417893)/",
    "Deleted": true,
    "Notes": "",
    "InHistory": false,
    "SyncClientCreationId": null,
    "DueTimeSpecified": true,
    "OwnerId": 706825
}
]]></system-out>
  <system-err><![CDATA[]]></system-err>
</testsuite>
